10-30 13:54:52 com_github_MitjaNemec_PlaceFootprints.action_place_footprints 674:Plugin executed on: 'win32'
10-30 13:54:53 com_github_MitjaNemec_PlaceFootprints.action_place_footprints 675:Plugin executed with python version: '3.11.5 (main, Jun 15 2025, 06:45:45) [MSC v.1942 64 bit (AMD64)]'
10-30 13:54:53 com_github_MitjaNemec_PlaceFootprints.action_place_footprints 676:KiCad build version: 9.0.3
10-30 13:54:53 com_github_MitjaNemec_PlaceFootprints.action_place_footprints 677:Plugin version: 4.0.1
10-30 13:54:53 com_github_MitjaNemec_PlaceFootprints.action_place_footprints 678:Frame repr: <wx._core.Frame object at 0x000001BFF1E6C3A0>
10-30 13:54:53 com_github_MitjaNemec_PlaceFootprints.place_footprints 121:getting a list of all footprints on board
10-30 13:54:53 com_github_MitjaNemec_PlaceFootprints.place_footprints 156:Footprint J2 on root level
10-30 13:54:53 com_github_MitjaNemec_PlaceFootprints.place_footprints 156:Footprint J8 on root level
10-30 13:54:53 com_github_MitjaNemec_PlaceFootprints.place_footprints 156:Footprint J1 on root level
10-30 13:54:53 com_github_MitjaNemec_PlaceFootprints.place_footprints 156:Footprint J4 on root level
10-30 13:54:53 com_github_MitjaNemec_PlaceFootprints.place_footprints 156:Footprint H2 on root level
10-30 13:54:53 com_github_MitjaNemec_PlaceFootprints.place_footprints 156:Footprint U1 on root level
10-30 13:54:53 com_github_MitjaNemec_PlaceFootprints.place_footprints 156:Footprint J5 on root level
10-30 13:54:53 com_github_MitjaNemec_PlaceFootprints.place_footprints 156:Footprint H3 on root level
10-30 13:54:53 com_github_MitjaNemec_PlaceFootprints.place_footprints 156:Footprint J3 on root level
10-30 13:54:53 com_github_MitjaNemec_PlaceFootprints.place_footprints 156:Footprint H1 on root level
10-30 13:54:53 com_github_MitjaNemec_PlaceFootprints.place_footprints 156:Footprint J7 on root level
10-30 13:54:53 com_github_MitjaNemec_PlaceFootprints.place_footprints 156:Footprint J6 on root level
10-30 13:54:53 com_github_MitjaNemec_PlaceFootprints.place_footprints 156:Footprint D22 on root level
10-30 13:54:53 com_github_MitjaNemec_PlaceFootprints.place_footprints 156:Footprint D4 on root level
10-30 13:54:53 com_github_MitjaNemec_PlaceFootprints.place_footprints 156:Footprint U2 on root level
10-30 13:54:53 com_github_MitjaNemec_PlaceFootprints.place_footprints 156:Footprint D2 on root level
10-30 13:54:53 com_github_MitjaNemec_PlaceFootprints.place_footprints 156:Footprint D17 on root level
10-30 13:54:53 com_github_MitjaNemec_PlaceFootprints.place_footprints 156:Footprint D5 on root level
10-30 13:54:53 com_github_MitjaNemec_PlaceFootprints.place_footprints 156:Footprint D10 on root level
10-30 13:54:53 com_github_MitjaNemec_PlaceFootprints.place_footprints 156:Footprint D1 on root level
10-30 13:54:53 com_github_MitjaNemec_PlaceFootprints.place_footprints 156:Footprint D8 on root level
10-30 13:54:53 com_github_MitjaNemec_PlaceFootprints.place_footprints 156:Footprint D12 on root level
10-30 13:54:53 com_github_MitjaNemec_PlaceFootprints.place_footprints 156:Footprint D9 on root level
10-30 13:54:53 com_github_MitjaNemec_PlaceFootprints.place_footprints 156:Footprint D16 on root level
10-30 13:54:53 com_github_MitjaNemec_PlaceFootprints.place_footprints 156:Footprint D24 on root level
10-30 13:54:53 com_github_MitjaNemec_PlaceFootprints.place_footprints 156:Footprint D19 on root level
10-30 13:54:53 com_github_MitjaNemec_PlaceFootprints.place_footprints 156:Footprint D7 on root level
10-30 13:54:53 com_github_MitjaNemec_PlaceFootprints.place_footprints 156:Footprint D14 on root level
10-30 13:54:53 com_github_MitjaNemec_PlaceFootprints.place_footprints 156:Footprint REF** on root level
10-30 13:54:53 com_github_MitjaNemec_PlaceFootprints.place_footprints 156:Footprint D3 on root level
10-30 13:54:53 com_github_MitjaNemec_PlaceFootprints.place_footprints 156:Footprint D11 on root level
10-30 13:54:53 com_github_MitjaNemec_PlaceFootprints.place_footprints 156:Footprint D21 on root level
10-30 13:54:53 com_github_MitjaNemec_PlaceFootprints.place_footprints 156:Footprint D13 on root level
10-30 13:54:53 com_github_MitjaNemec_PlaceFootprints.place_footprints 156:Footprint D23 on root level
10-30 13:54:53 com_github_MitjaNemec_PlaceFootprints.place_footprints 156:Footprint REF** on root level
10-30 13:54:53 com_github_MitjaNemec_PlaceFootprints.place_footprints 156:Footprint D18 on root level
10-30 13:54:53 com_github_MitjaNemec_PlaceFootprints.place_footprints 156:Footprint D6 on root level
10-30 13:54:53 com_github_MitjaNemec_PlaceFootprints.place_footprints 156:Footprint D15 on root level
10-30 13:54:53 com_github_MitjaNemec_PlaceFootprints.place_footprints 156:Footprint D20 on root level
10-30 13:54:53 com_github_MitjaNemec_PlaceFootprints.action_place_footprints 717:Reference footprint='REF**'
10-30 13:55:00 com_github_MitjaNemec_PlaceFootprints.action_place_footprints 858:Reference designator is: REF**
10-30 13:55:00 com_github_MitjaNemec_PlaceFootprints.action_place_footprints 859:Reference number is: 
